2021-07-04 21:54:02-log: [Package] menu@1.0.0 enable
2021-07-04 21:54:02-log: [Package] profile@1.0.0 enable
2021-07-04 21:54:02-log: [Package] messages@1.0.0 enable
2021-07-04 21:54:02-log: [Package] program@1.0.0 enable
2021-07-04 21:54:02-log: [Package] device@1.0.1 enable
2021-07-04 21:54:02-log: [Package] ui-kit@1.0.0 enable
2021-07-04 21:54:02-log: [Package] tester@1.0.0 enable
2021-07-04 21:54:02-log: [Package] preferences@1.0.0 enable
2021-07-04 21:54:03-log: Setup mods mgr.: 304.777ms
2021-07-04 21:54:03-log: [Package] engine@1.0.5 enable
2021-07-04 21:54:07-log: [Package] programming@1.0.0 enable
2021-07-04 21:54:07-log: [Package] asset-db@1.0.0 enable
2021-07-04 21:54:07-log: [Package] console@1.0.0 enable
2021-07-04 21:54:07-log: [Package] scene@1.0.0 enable
2021-07-04 21:54:07-log: [Package] project@1.0.1 enable
2021-07-04 21:54:07-log: [Package] about@1.0.0 enable
2021-07-04 21:54:07-log: [Package] server@1.0.0 enable
2021-07-04 21:54:07-log: [Package] utils@1.0.0 enable
2021-07-04 21:54:07-log: [Package] assets@1.0.0 enable
2021-07-04 21:54:07-log: [Package] inspector@1.0.0 enable
2021-07-04 21:54:07-log: [Package] hierarchy@1.0.0 enable
2021-07-04 21:54:10-log: [Package] preview@1.0.1 enable
2021-07-04 21:54:10-log: [Package] animator@1.0.0 enable
