debug: Sun, 04 Jul 2021 13:54:07 GMT
debug: Project: /Users/wuyachong/Desktop/fight/fight
debug: Targets: editor,preview
debug: Incremental file seems great.
debug: Engine path: /Applications/CocosCreator/Creator/3.1.0/CocosCreator.app/Contents/Resources/resources/3d/engine
debug: Initializing target [Editor]
debug: Loading cache
debug: Loading cache costs 5.792730000001029ms.
debug: Engine features shipped in editor: base,gfx-webgl,gfx-webgl2,3d,2d,ui,particle,particle-2d,physics-framework,physics-2d-framework,intersection-2d,primitive,profiler,audio,video,terrain,webview,tween,tiled-map,spine,dragon-bones
debug: Initializing target [Preview]
debug: Loading cache
debug: Loading cache costs 6.453331999990041ms.
debug: Sync engine features: base,gfx-webgl,2d,ui,physics-2d-box2d,intersection-2d,profiler,particle-2d,audio,video,webview,tween,tiled-map,spine,dragon-bones
debug: Pulling asset-db.
debug: Fetch asset-db cost: 22.65600899999845ms.
debug: Build iteration starts.
Number of accumulated asset changes: 3
Feature changed: false
debug: Target(editor) build started.
debug: Detected change: cce:/internal/x/cc. Last mtime: Thu Jan 01 1970 08:00:08 GMT+0800 (中国标准时间), Current mtime: Thu Jan 01 1970 08:00:07 GMT+0800 (中国标准时间)
debug: Inspect cce:/internal/x/cc
debug: Resolve cce:/internal/x/cc-fu/base from cce:/internal/x/cc as external dependency cce:/internal/x/cc-fu/base.
debug: Resolve cce:/internal/x/cc-fu/gfx-webgl from cce:/internal/x/cc as external dependency cce:/internal/x/cc-fu/gfx-webgl.
debug: Resolve cce:/internal/x/cc-fu/gfx-webgl2 from cce:/internal/x/cc as external dependency cce:/internal/x/cc-fu/gfx-webgl2.
debug: Resolve cce:/internal/x/cc-fu/3d from cce:/internal/x/cc as external dependency cce:/internal/x/cc-fu/3d.
debug: Resolve cce:/internal/x/cc-fu/2d from cce:/internal/x/cc as external dependency cce:/internal/x/cc-fu/2d.
debug: Resolve cce:/internal/x/cc-fu/ui from cce:/internal/x/cc as external dependency cce:/internal/x/cc-fu/ui.
debug: Resolve cce:/internal/x/cc-fu/particle from cce:/internal/x/cc as external dependency cce:/internal/x/cc-fu/particle.
debug: Resolve cce:/internal/x/cc-fu/particle-2d from cce:/internal/x/cc as external dependency cce:/internal/x/cc-fu/particle-2d.
debug: Resolve cce:/internal/x/cc-fu/physics-framework from cce:/internal/x/cc as external dependency cce:/internal/x/cc-fu/physics-framework.
debug: Resolve cce:/internal/x/cc-fu/physics-2d-framework from cce:/internal/x/cc as external dependency cce:/internal/x/cc-fu/physics-2d-framework.
debug: Resolve cce:/internal/x/cc-fu/intersection-2d from cce:/internal/x/cc as external dependency cce:/internal/x/cc-fu/intersection-2d.
debug: Resolve cce:/internal/x/cc-fu/primitive from cce:/internal/x/cc as external dependency cce:/internal/x/cc-fu/primitive.
debug: Resolve cce:/internal/x/cc-fu/profiler from cce:/internal/x/cc as external dependency cce:/internal/x/cc-fu/profiler.
debug: Resolve cce:/internal/x/cc-fu/audio from cce:/internal/x/cc as external dependency cce:/internal/x/cc-fu/audio.
debug: Resolve cce:/internal/x/cc-fu/video from cce:/internal/x/cc as external dependency cce:/internal/x/cc-fu/video.
debug: Resolve cce:/internal/x/cc-fu/terrain from cce:/internal/x/cc as external dependency cce:/internal/x/cc-fu/terrain.
debug: Resolve cce:/internal/x/cc-fu/webview from cce:/internal/x/cc as external dependency cce:/internal/x/cc-fu/webview.
debug: Resolve cce:/internal/x/cc-fu/tween from cce:/internal/x/cc as external dependency cce:/internal/x/cc-fu/tween.
debug: Resolve cce:/internal/x/cc-fu/tiled-map from cce:/internal/x/cc as external dependency cce:/internal/x/cc-fu/tiled-map.
debug: Resolve cce:/internal/x/cc-fu/spine from cce:/internal/x/cc as external dependency cce:/internal/x/cc-fu/spine.
debug: Resolve cce:/internal/x/cc-fu/dragon-bones from cce:/internal/x/cc as external dependency cce:/internal/x/cc-fu/dragon-bones.
debug: Detected change: cce:/internal/x/prerequisite-imports. Last mtime: Thu Jan 01 1970 08:00:18 GMT+0800 (中国标准时间), Current mtime: Thu Jan 01 1970 08:00:20 GMT+0800 (中国标准时间)
debug: Inspect cce:/internal/x/prerequisite-imports
debug: Resolve file:///Users/wuyachong/Desktop/fight/fight/assets/scripts/active.ts from cce:/internal/x/prerequisite-imports as file:///Users/wuyachong/Desktop/fight/fight/assets/scripts/active.ts.
debug: Resolve file:///Users/wuyachong/Desktop/fight/fight/assets/scripts/cloud.ts from cce:/internal/x/prerequisite-imports as file:///Users/wuyachong/Desktop/fight/fight/assets/scripts/cloud.ts.
debug: Resolve file:///Users/wuyachong/Desktop/fight/fight/assets/scripts/moveBroad.ts from cce:/internal/x/prerequisite-imports as file:///Users/wuyachong/Desktop/fight/fight/assets/scripts/moveBroad.ts.
debug: Target(editor) ends with cost 83.13964399999531ms.
debug: Target(preview) build started.
debug: Detected change: cce:/internal/x/cc. Last mtime: Thu Jan 01 1970 08:00:08 GMT+0800 (中国标准时间), Current mtime: Thu Jan 01 1970 08:00:07 GMT+0800 (中国标准时间)
debug: Inspect cce:/internal/x/cc
debug: Resolve cce:/internal/x/cc-fu/base from cce:/internal/x/cc as external dependency cce:/internal/x/cc-fu/base.
debug: Resolve cce:/internal/x/cc-fu/gfx-webgl from cce:/internal/x/cc as external dependency cce:/internal/x/cc-fu/gfx-webgl.
debug: Resolve cce:/internal/x/cc-fu/2d from cce:/internal/x/cc as external dependency cce:/internal/x/cc-fu/2d.
debug: Resolve cce:/internal/x/cc-fu/ui from cce:/internal/x/cc as external dependency cce:/internal/x/cc-fu/ui.
debug: Resolve cce:/internal/x/cc-fu/physics-2d-box2d from cce:/internal/x/cc as external dependency cce:/internal/x/cc-fu/physics-2d-box2d.
debug: Resolve cce:/internal/x/cc-fu/physics-2d-framework from cce:/internal/x/cc as external dependency cce:/internal/x/cc-fu/physics-2d-framework.
debug: Resolve cce:/internal/x/cc-fu/intersection-2d from cce:/internal/x/cc as external dependency cce:/internal/x/cc-fu/intersection-2d.
debug: Resolve cce:/internal/x/cc-fu/profiler from cce:/internal/x/cc as external dependency cce:/internal/x/cc-fu/profiler.
debug: Resolve cce:/internal/x/cc-fu/particle-2d from cce:/internal/x/cc as external dependency cce:/internal/x/cc-fu/particle-2d.
debug: Resolve cce:/internal/x/cc-fu/audio from cce:/internal/x/cc as external dependency cce:/internal/x/cc-fu/audio.
debug: Resolve cce:/internal/x/cc-fu/video from cce:/internal/x/cc as external dependency cce:/internal/x/cc-fu/video.
debug: Resolve cce:/internal/x/cc-fu/webview from cce:/internal/x/cc as external dependency cce:/internal/x/cc-fu/webview.
debug: Resolve cce:/internal/x/cc-fu/tween from cce:/internal/x/cc as external dependency cce:/internal/x/cc-fu/tween.
debug: Resolve cce:/internal/x/cc-fu/tiled-map from cce:/internal/x/cc as external dependency cce:/internal/x/cc-fu/tiled-map.
debug: Resolve cce:/internal/x/cc-fu/spine from cce:/internal/x/cc as external dependency cce:/internal/x/cc-fu/spine.
debug: Resolve cce:/internal/x/cc-fu/dragon-bones from cce:/internal/x/cc as external dependency cce:/internal/x/cc-fu/dragon-bones.
debug: Detected change: cce:/internal/x/prerequisite-imports. Last mtime: Thu Jan 01 1970 08:00:18 GMT+0800 (中国标准时间), Current mtime: Thu Jan 01 1970 08:00:20 GMT+0800 (中国标准时间)
debug: Inspect cce:/internal/x/prerequisite-imports
debug: Resolve file:///Users/wuyachong/Desktop/fight/fight/assets/scripts/active.ts from cce:/internal/x/prerequisite-imports as file:///Users/wuyachong/Desktop/fight/fight/assets/scripts/active.ts.
debug: Resolve file:///Users/wuyachong/Desktop/fight/fight/assets/scripts/cloud.ts from cce:/internal/x/prerequisite-imports as file:///Users/wuyachong/Desktop/fight/fight/assets/scripts/cloud.ts.
debug: Resolve file:///Users/wuyachong/Desktop/fight/fight/assets/scripts/moveBroad.ts from cce:/internal/x/prerequisite-imports as file:///Users/wuyachong/Desktop/fight/fight/assets/scripts/moveBroad.ts.
debug: Target(preview) ends with cost 50.788039999999455ms.
debug: Dispatch build request for time accumulated 1 asset changes.
debug: Build iteration starts.
Number of accumulated asset changes: 1
Feature changed: false
debug: Target(editor) build started.
debug: Detected change: cce:/internal/x/prerequisite-imports. Last mtime: Thu Jan 01 1970 08:00:20 GMT+0800 (中国标准时间), Current mtime: Thu Jan 01 1970 08:00:53 GMT+0800 (中国标准时间)
debug: Inspect cce:/internal/x/prerequisite-imports
debug: Resolve file:///Users/wuyachong/Desktop/fight/fight/assets/scripts/active.ts from cce:/internal/x/prerequisite-imports as file:///Users/wuyachong/Desktop/fight/fight/assets/scripts/active.ts.
debug: Resolve file:///Users/wuyachong/Desktop/fight/fight/assets/scripts/cloud.ts from cce:/internal/x/prerequisite-imports as file:///Users/wuyachong/Desktop/fight/fight/assets/scripts/cloud.ts.
debug: Resolve file:///Users/wuyachong/Desktop/fight/fight/assets/scripts/moveBroad.ts from cce:/internal/x/prerequisite-imports as file:///Users/wuyachong/Desktop/fight/fight/assets/scripts/moveBroad.ts.
debug: Resolve file:///Users/wuyachong/Desktop/fight/fight/assets/scripts/typescript.ts from cce:/internal/x/prerequisite-imports as file:///Users/wuyachong/Desktop/fight/fight/assets/scripts/typescript.ts.
debug: Inspect file:///Users/wuyachong/Desktop/fight/fight/assets/scripts/typescript.ts
debug: Resolve cc from file:///Users/wuyachong/Desktop/fight/fight/assets/scripts/typescript.ts as cce:/internal/x/cc.
debug: Resolve cc from file:///Users/wuyachong/Desktop/fight/fight/assets/scripts/typescript.ts as cce:/internal/x/cc.
debug: Target(editor) ends with cost 65.15839699999196ms.
debug: Target(preview) build started.
debug: Detected change: cce:/internal/x/prerequisite-imports. Last mtime: Thu Jan 01 1970 08:00:20 GMT+0800 (中国标准时间), Current mtime: Thu Jan 01 1970 08:00:54 GMT+0800 (中国标准时间)
debug: Inspect cce:/internal/x/prerequisite-imports
debug: Resolve file:///Users/wuyachong/Desktop/fight/fight/assets/scripts/active.ts from cce:/internal/x/prerequisite-imports as file:///Users/wuyachong/Desktop/fight/fight/assets/scripts/active.ts.
debug: Resolve file:///Users/wuyachong/Desktop/fight/fight/assets/scripts/cloud.ts from cce:/internal/x/prerequisite-imports as file:///Users/wuyachong/Desktop/fight/fight/assets/scripts/cloud.ts.
debug: Resolve file:///Users/wuyachong/Desktop/fight/fight/assets/scripts/typescript.ts from cce:/internal/x/prerequisite-imports as file:///Users/wuyachong/Desktop/fight/fight/assets/scripts/typescript.ts.
debug: Resolve file:///Users/wuyachong/Desktop/fight/fight/assets/scripts/moveBroad.ts from cce:/internal/x/prerequisite-imports as file:///Users/wuyachong/Desktop/fight/fight/assets/scripts/moveBroad.ts.
debug: Inspect file:///Users/wuyachong/Desktop/fight/fight/assets/scripts/typescript.ts
debug: Resolve cc from file:///Users/wuyachong/Desktop/fight/fight/assets/scripts/typescript.ts as cce:/internal/x/cc.
debug: Resolve cc from file:///Users/wuyachong/Desktop/fight/fight/assets/scripts/typescript.ts as cce:/internal/x/cc.
debug: Target(preview) ends with cost 460.6303019999759ms.
debug: Dispatch build request for time accumulated 1 asset changes.
debug: Build iteration starts.
Number of accumulated asset changes: 1
Feature changed: false
debug: Target(editor) build started.
debug: Detected change: cce:/internal/x/prerequisite-imports. Last mtime: Thu Jan 01 1970 08:00:53 GMT+0800 (中国标准时间), Current mtime: Thu Jan 01 1970 08:01:28 GMT+0800 (中国标准时间)
debug: Inspect cce:/internal/x/prerequisite-imports
debug: Resolve file:///Users/wuyachong/Desktop/fight/fight/assets/scripts/active.ts from cce:/internal/x/prerequisite-imports as file:///Users/wuyachong/Desktop/fight/fight/assets/scripts/active.ts.
debug: Resolve file:///Users/wuyachong/Desktop/fight/fight/assets/scripts/cloud.ts from cce:/internal/x/prerequisite-imports as file:///Users/wuyachong/Desktop/fight/fight/assets/scripts/cloud.ts.
debug: Resolve file:///Users/wuyachong/Desktop/fight/fight/assets/scripts/moveBroad.ts from cce:/internal/x/prerequisite-imports as file:///Users/wuyachong/Desktop/fight/fight/assets/scripts/moveBroad.ts.
debug: Target(editor) ends with cost 22.325695999985328ms.
debug: Target(preview) build started.
debug: Detected change: cce:/internal/x/prerequisite-imports. Last mtime: Thu Jan 01 1970 08:00:54 GMT+0800 (中国标准时间), Current mtime: Thu Jan 01 1970 08:01:28 GMT+0800 (中国标准时间)
debug: Inspect cce:/internal/x/prerequisite-imports
debug: Resolve file:///Users/wuyachong/Desktop/fight/fight/assets/scripts/cloud.ts from cce:/internal/x/prerequisite-imports as file:///Users/wuyachong/Desktop/fight/fight/assets/scripts/cloud.ts.
debug: Resolve file:///Users/wuyachong/Desktop/fight/fight/assets/scripts/moveBroad.ts from cce:/internal/x/prerequisite-imports as file:///Users/wuyachong/Desktop/fight/fight/assets/scripts/moveBroad.ts.
debug: Resolve file:///Users/wuyachong/Desktop/fight/fight/assets/scripts/active.ts from cce:/internal/x/prerequisite-imports as file:///Users/wuyachong/Desktop/fight/fight/assets/scripts/active.ts.
debug: Target(preview) ends with cost 31.515416999987792ms.
debug: Dispatch build request for time accumulated 1 asset changes.
debug: Build iteration starts.
Number of accumulated asset changes: 1
Feature changed: false
debug: Target(editor) build started.
debug: Detected change: cce:/internal/x/prerequisite-imports. Last mtime: Thu Jan 01 1970 08:01:28 GMT+0800 (中国标准时间), Current mtime: Thu Jan 01 1970 08:05:14 GMT+0800 (中国标准时间)
debug: Inspect cce:/internal/x/prerequisite-imports
debug: Resolve file:///Users/wuyachong/Desktop/fight/fight/assets/scripts/cloud.ts from cce:/internal/x/prerequisite-imports as file:///Users/wuyachong/Desktop/fight/fight/assets/scripts/cloud.ts.
debug: Resolve file:///Users/wuyachong/Desktop/fight/fight/assets/scripts/moveBroad.ts from cce:/internal/x/prerequisite-imports as file:///Users/wuyachong/Desktop/fight/fight/assets/scripts/moveBroad.ts.
debug: Resolve file:///Users/wuyachong/Desktop/fight/fight/assets/scripts/props.ts from cce:/internal/x/prerequisite-imports as file:///Users/wuyachong/Desktop/fight/fight/assets/scripts/props.ts.
debug: Resolve file:///Users/wuyachong/Desktop/fight/fight/assets/scripts/active.ts from cce:/internal/x/prerequisite-imports as file:///Users/wuyachong/Desktop/fight/fight/assets/scripts/active.ts.
debug: Inspect file:///Users/wuyachong/Desktop/fight/fight/assets/scripts/props.ts
debug: Resolve cc from file:///Users/wuyachong/Desktop/fight/fight/assets/scripts/props.ts as cce:/internal/x/cc.
debug: Resolve cc from file:///Users/wuyachong/Desktop/fight/fight/assets/scripts/props.ts as cce:/internal/x/cc.
debug: Target(editor) ends with cost 51.79476499999873ms.
debug: Target(preview) build started.
debug: Detected change: cce:/internal/x/prerequisite-imports. Last mtime: Thu Jan 01 1970 08:01:28 GMT+0800 (中国标准时间), Current mtime: Thu Jan 01 1970 08:05:15 GMT+0800 (中国标准时间)
debug: Inspect cce:/internal/x/prerequisite-imports
debug: Resolve file:///Users/wuyachong/Desktop/fight/fight/assets/scripts/cloud.ts from cce:/internal/x/prerequisite-imports as file:///Users/wuyachong/Desktop/fight/fight/assets/scripts/cloud.ts.
debug: Resolve file:///Users/wuyachong/Desktop/fight/fight/assets/scripts/moveBroad.ts from cce:/internal/x/prerequisite-imports as file:///Users/wuyachong/Desktop/fight/fight/assets/scripts/moveBroad.ts.
debug: Resolve file:///Users/wuyachong/Desktop/fight/fight/assets/scripts/props.ts from cce:/internal/x/prerequisite-imports as file:///Users/wuyachong/Desktop/fight/fight/assets/scripts/props.ts.
debug: Resolve file:///Users/wuyachong/Desktop/fight/fight/assets/scripts/active.ts from cce:/internal/x/prerequisite-imports as file:///Users/wuyachong/Desktop/fight/fight/assets/scripts/active.ts.
debug: Inspect file:///Users/wuyachong/Desktop/fight/fight/assets/scripts/props.ts
debug: Resolve cc from file:///Users/wuyachong/Desktop/fight/fight/assets/scripts/props.ts as cce:/internal/x/cc.
debug: Resolve cc from file:///Users/wuyachong/Desktop/fight/fight/assets/scripts/props.ts as cce:/internal/x/cc.
debug: Target(preview) ends with cost 76.97621900000377ms.
